2019-05-23 12:11:47.292  INFO 13260 --- [restartedMain] c.cs.fileManager.FileManagerApplication  : Starting FileManagerApplication on DESKTOP-MHKMK4C with PID 13260 (started by al89 in E:\工作\fileManager)
2019-05-23 12:11:47.295 DEBUG 13260 --- [restartedMain] c.cs.fileManager.FileManagerApplication  : Running with Spring Boot v2.1.0.RELEASE, Spring v5.1.2.RELEASE
2019-05-23 12:11:47.302  INFO 13260 --- [restartedMain] c.cs.fileManager.FileManagerApplication  : No active profile set, falling back to default profiles: default
2019-05-23 12:11:47.482  INFO 13260 --- [restartedMain] .e.DevToolsPropertyDefaultsPostProcessor : Devtools property defaults active! Set 'spring.devtools.add-properties' to 'false' to disable
2019-05-23 12:11:47.482  INFO 13260 --- [restartedMain] .e.DevToolsPropertyDefaultsPostProcessor : For additional web related logging consider setting the 'logging.level.web' property to 'DEBUG'
2019-05-23 12:11:49.795  WARN 13260 --- [restartedMain] o.m.s.mapper.ClassPathMapperScanner      : No MyBatis mapper was found in '[cn.cs.fileManager]' package. Please check your configuration.
2019-05-23 12:11:50.072  INFO 13260 --- [restartedMain] o.s.c.a.ConfigurationClassPostProcessor  : Cannot enhance @Configuration bean definition 'myBatisMapperScannerConfig' since its singleton instance has been created too early. The typical cause is a non-static @Bean method with a BeanDefinitionRegistryPostProcessor return type: Consider declaring such methods as 'static'.
2019-05-23 12:11:50.360  INFO 13260 --- [restartedMain] trationDelegate$BeanPostProcessorChecker : Bean 'druidDBConfig' of type [cn.cs.fileManager.common.DruidDBConfig$$EnhancerBySpringCGLIB$$36bc09e9] is not eligible for getting processed by all BeanPostProcessors (for example: not eligible for auto-proxying)
2019-05-23 12:11:50.360  INFO 13260 --- [restartedMain] trationDelegate$BeanPostProcessorChecker : Bean 'myBatisConfig' of type [cn.cs.fileManager.common.MyBatisConfig$$EnhancerBySpringCGLIB$$e4506fbc] is not eligible for getting processed by all BeanPostProcessors (for example: not eligible for auto-proxying)
2019-05-23 12:11:50.889  INFO 13260 --- [restartedMain] com.alibaba.druid.pool.DruidDataSource   : {dataSource-1} inited
2019-05-23 12:11:50.889  INFO 13260 --- [restartedMain] trationDelegate$BeanPostProcessorChecker : Bean 'dataSource' of type [com.alibaba.druid.pool.DruidDataSource] is not eligible for getting processed by all BeanPostProcessors (for example: not eligible for auto-proxying)
2019-05-23 12:11:50.918  INFO 13260 --- [restartedMain] trationDelegate$BeanPostProcessorChecker : Bean 'spring.datasource-org.springframework.boot.autoconfigure.jdbc.DataSourceProperties' of type [org.springframework.boot.autoconfigure.jdbc.DataSourceProperties] is not eligible for getting processed by all BeanPostProcessors (for example: not eligible for auto-proxying)
2019-05-23 12:11:50.924  INFO 13260 --- [restartedMain] trationDelegate$BeanPostProcessorChecker : Bean 'org.springframework.boot.autoconfigure.jdbc.DataSourceInitializerInvoker' of type [org.springframework.boot.autoconfigure.jdbc.DataSourceInitializerInvoker] is not eligible for getting processed by all BeanPostProcessors (for example: not eligible for auto-proxying)
2019-05-23 12:11:50.928  INFO 13260 --- [restartedMain] trationDelegate$BeanPostProcessorChecker : Bean 'annotationDrivenTransactionManager' of type [org.springframework.jdbc.datasource.DataSourceTransactionManager] is not eligible for getting processed by all BeanPostProcessors (for example: not eligible for auto-proxying)
2019-05-23 12:11:50.929  INFO 13260 --- [restartedMain] trationDelegate$BeanPostProcessorChecker : Bean 'org.springframework.transaction.annotation.ProxyTransactionManagementConfiguration' of type [org.springframework.transaction.annotation.ProxyTransactionManagementConfiguration$$EnhancerBySpringCGLIB$$b9be42d] is not eligible for getting processed by all BeanPostProcessors (for example: not eligible for auto-proxying)
2019-05-23 12:11:51.606  INFO 13260 --- [restartedMain] o.s.b.w.embedded.tomcat.TomcatWebServer  : Tomcat initialized with port(s): 8000 (http)
2019-05-23 12:11:51.622  INFO 13260 --- [restartedMain] o.apache.catalina.core.StandardService   : Starting service [Tomcat]
2019-05-23 12:11:51.622  INFO 13260 --- [restartedMain] org.apache.catalina.core.StandardEngine  : Starting Servlet Engine: Apache Tomcat/9.0.12
2019-05-23 12:11:51.642  INFO 13260 --- [restartedMain] o.a.catalina.core.AprLifecycleListener   : The APR based Apache Tomcat Native library which allows optimal performance in production environments was not found on the java.library.path: [D:\JAVA\jdk-10.0.1\bin;C:\Windows\Sun\Java\bin;C:\Windows\system32;C:\Windows;D:/JAVA/jdk-10.0.1/bin/server;D:/JAVA/jdk-10.0.1/bin;D:\apache-maven-3.6.0\bin;D:\mysql5.7\mysql-5.7.23-winx64\bin;C:\Windows\system32;C:\Windows;C:\Windows\System32\Wbem;C:\Windows\System32\WindowsPowerShell\v1.0\;C:\Windows\System32\OpenSSH\;D:\JAVA\jdk-10.0.1\bin;D:\JAVA\jdk-10.0.1\jre\bin;C:\Program Files\Git\cmd;D:\nodejs\;D:\python\Scripts\;D:\python\;D:\Ruby25-x64\bin;C:\Users\al89\AppData\Local\Microsoft\WindowsApps;;D:\Docker Toolbox;D:\Microsoft VS Code\bin;C:\Users\al89\AppData\Roaming\npm;D:\texlive2018\2018\bin\win32;D:\sts-4.0.1.RELEASE;;.]
2019-05-23 12:11:51.802  INFO 13260 --- [restartedMain] o.a.c.c.C.[Tomcat].[localhost].[/]       : Initializing Spring embedded WebApplicationContext
2019-05-23 12:11:51.802  INFO 13260 --- [restartedMain] o.s.web.context.ContextLoader            : Root WebApplicationContext: initialization completed in 4320 ms
2019-05-23 12:11:52.304  INFO 13260 --- [restartedMain] o.s.b.w.servlet.FilterRegistrationBean   : Mapping filter: 'characterEncodingFilter' to: [/*]
2019-05-23 12:11:52.307  INFO 13260 --- [restartedMain] o.s.b.w.servlet.FilterRegistrationBean   : Mapping filter: 'webMvcMetricsFilter' to: [/*]
2019-05-23 12:11:52.307  INFO 13260 --- [restartedMain] o.s.b.w.servlet.FilterRegistrationBean   : Mapping filter: 'hiddenHttpMethodFilter' to: [/*]
2019-05-23 12:11:52.307  INFO 13260 --- [restartedMain] o.s.b.w.servlet.FilterRegistrationBean   : Mapping filter: 'formContentFilter' to: [/*]
2019-05-23 12:11:52.307  INFO 13260 --- [restartedMain] o.s.b.w.servlet.FilterRegistrationBean   : Mapping filter: 'requestContextFilter' to: [/*]
2019-05-23 12:11:52.307  INFO 13260 --- [restartedMain] .s.DelegatingFilterProxyRegistrationBean : Mapping filter: 'springSecurityFilterChain' to: [/*]
2019-05-23 12:11:52.307  INFO 13260 --- [restartedMain] o.s.b.w.servlet.FilterRegistrationBean   : Mapping filter: 'httpTraceFilter' to: [/*]
2019-05-23 12:11:52.307  INFO 13260 --- [restartedMain] o.s.b.w.servlet.ServletRegistrationBean  : Servlet dispatcherServlet mapped to [/]
2019-05-23 12:11:52.445 DEBUG 13260 --- [restartedMain] org.apache.ibatis.logging.LogFactory     : Logging initialized using 'class org.apache.ibatis.logging.slf4j.Slf4jImpl' adapter.
2019-05-23 12:11:53.352  INFO 13260 --- [restartedMain] o.s.b.a.e.web.EndpointLinksResolver      : Exposing 2 endpoint(s) beneath base path '/actuator'
2019-05-23 12:11:53.425  INFO 13260 --- [restartedMain] pertySourcedRequestMappingHandlerMapping : Mapped URL path [/v2/api-docs] onto method [public org.springframework.http.ResponseEntity<springfox.documentation.spring.web.json.Json> springfox.documentation.swagger2.web.Swagger2Controller.getDocumentation(java.lang.String,javax.servlet.http.HttpServletRequest)]
2019-05-23 12:11:53.534  INFO 13260 --- [restartedMain] .s.s.UserDetailsServiceAutoConfiguration : 

Using generated security password: ebe7bd28-f31a-4cc2-a278-99a49f09c2a0

2019-05-23 12:11:53.625  INFO 13260 --- [restartedMain] o.s.s.web.DefaultSecurityFilterChain     : Creating filter chain: any request, [org.springframework.security.web.context.request.async.WebAsyncManagerIntegrationFilter@3aee52ec, org.springframework.security.web.context.SecurityContextPersistenceFilter@4f91e040, org.springframework.security.web.header.HeaderWriterFilter@756bccae, org.springframework.security.web.csrf.CsrfFilter@2b4ed13f, org.springframework.security.web.authentication.logout.LogoutFilter@6dbb6db8, org.springframework.security.web.authentication.UsernamePasswordAuthenticationFilter@3ccda099, org.springframework.security.web.authentication.ui.DefaultLoginPageGeneratingFilter@692f073d, org.springframework.security.web.authentication.ui.DefaultLogoutPageGeneratingFilter@ee3b71, org.springframework.security.web.authentication.www.BasicAuthenticationFilter@710fbf23, org.springframework.security.web.savedrequest.RequestCacheAwareFilter@2f9da7a0, org.springframework.security.web.servletapi.SecurityContextHolderAwareRequestFilter@4a444bd9, org.springframework.security.web.authentication.AnonymousAuthenticationFilter@79624413, org.springframework.security.web.session.SessionManagementFilter@3f466cd0, org.springframework.security.web.access.ExceptionTranslationFilter@75ec846d, org.springframework.security.web.access.intercept.FilterSecurityInterceptor@5cf6eb14]
2019-05-23 12:11:53.814  INFO 13260 --- [restartedMain] o.s.s.concurrent.ThreadPoolTaskExecutor  : Initializing ExecutorService 'applicationTaskExecutor'
2019-05-23 12:11:53.872  INFO 13260 --- [restartedMain] o.s.b.d.a.OptionalLiveReloadServer       : LiveReload server is running on port 35729
2019-05-23 12:11:54.284  INFO 13260 --- [restartedMain] d.s.w.p.DocumentationPluginsBootstrapper : Context refreshed
2019-05-23 12:11:54.332  INFO 13260 --- [restartedMain] d.s.w.p.DocumentationPluginsBootstrapper : Found 1 custom documentation plugin(s)
2019-05-23 12:11:54.364  INFO 13260 --- [restartedMain] s.d.s.w.s.ApiListingReferenceScanner     : Scanning for api listing references
2019-05-23 12:11:54.522  INFO 13260 --- [restartedMain] .d.s.w.r.o.CachingOperationNameGenerator : Generating unique operation named: shanchuUsingPOST_1
2019-05-23 12:11:54.522  INFO 13260 --- [restartedMain] .d.s.w.r.o.CachingOperationNameGenerator : Generating unique operation named: upValidUsingPOST_1
2019-05-23 12:11:54.696  INFO 13260 --- [restartedMain] o.s.b.w.embedded.tomcat.TomcatWebServer  : Tomcat started on port(s): 8000 (http) with context path ''
2019-05-23 12:11:54.700  INFO 13260 --- [restartedMain] c.cs.fileManager.FileManagerApplication  : Started FileManagerApplication in 8.267 seconds (JVM running for 11.015)
2019-05-23 12:12:02.027  INFO 13260 --- [http-nio-8000-exec-1] o.a.c.c.C.[Tomcat].[localhost].[/]       : Initializing Spring DispatcherServlet 'dispatcherServlet'
2019-05-23 12:12:02.028  INFO 13260 --- [http-nio-8000-exec-1] o.s.web.servlet.DispatcherServlet        : Initializing Servlet 'dispatcherServlet'
2019-05-23 12:12:02.057  INFO 13260 --- [http-nio-8000-exec-1] o.s.web.servlet.DispatcherServlet        : Completed initialization in 28 ms
2019-05-23 12:12:02.941  WARN 13260 --- [http-nio-8000-exec-1] o.a.c.util.SessionIdGeneratorBase        : Creation of SecureRandom instance for session ID generation using [SHA1PRNG] took [747] milliseconds.
2019-05-23 12:13:27.822  INFO 13260 --- [Thread-6] o.s.s.concurrent.ThreadPoolTaskExecutor  : Shutting down ExecutorService 'applicationTaskExecutor'
2019-05-23 12:13:27.833  INFO 13260 --- [Thread-6] com.alibaba.druid.pool.DruidDataSource   : {dataSource-1} closed
2019-05-23 12:13:28.653  INFO 13260 --- [restartedMain] c.cs.fileManager.FileManagerApplication  : Starting FileManagerApplication on DESKTOP-MHKMK4C with PID 13260 (started by al89 in E:\工作\fileManager)
2019-05-23 12:13:28.653 DEBUG 13260 --- [restartedMain] c.cs.fileManager.FileManagerApplication  : Running with Spring Boot v2.1.0.RELEASE, Spring v5.1.2.RELEASE
2019-05-23 12:13:28.653  INFO 13260 --- [restartedMain] c.cs.fileManager.FileManagerApplication  : No active profile set, falling back to default profiles: default
2019-05-23 12:13:29.379  WARN 13260 --- [restartedMain] o.m.s.mapper.ClassPathMapperScanner      : No MyBatis mapper was found in '[cn.cs.fileManager]' package. Please check your configuration.
2019-05-23 12:13:29.512  INFO 13260 --- [restartedMain] o.s.c.a.ConfigurationClassPostProcessor  : Cannot enhance @Configuration bean definition 'myBatisMapperScannerConfig' since its singleton instance has been created too early. The typical cause is a non-static @Bean method with a BeanDefinitionRegistryPostProcessor return type: Consider declaring such methods as 'static'.
2019-05-23 12:13:29.545  INFO 13260 --- [restartedMain] trationDelegate$BeanPostProcessorChecker : Bean 'druidDBConfig' of type [cn.cs.fileManager.common.DruidDBConfig$$EnhancerBySpringCGLIB$$36bc09e9] is not eligible for getting processed by all BeanPostProcessors (for example: not eligible for auto-proxying)
2019-05-23 12:13:29.545  INFO 13260 --- [restartedMain] trationDelegate$BeanPostProcessorChecker : Bean 'myBatisConfig' of type [cn.cs.fileManager.common.MyBatisConfig$$EnhancerBySpringCGLIB$$e4506fbc] is not eligible for getting processed by all BeanPostProcessors (for example: not eligible for auto-proxying)
2019-05-23 12:13:29.592  INFO 13260 --- [restartedMain] com.alibaba.druid.pool.DruidDataSource   : {dataSource-2} inited
2019-05-23 12:13:29.592  INFO 13260 --- [restartedMain] trationDelegate$BeanPostProcessorChecker : Bean 'dataSource' of type [com.alibaba.druid.pool.DruidDataSource] is not eligible for getting processed by all BeanPostProcessors (for example: not eligible for auto-proxying)
2019-05-23 12:13:29.605  INFO 13260 --- [restartedMain] trationDelegate$BeanPostProcessorChecker : Bean 'spring.datasource-org.springframework.boot.autoconfigure.jdbc.DataSourceProperties' of type [org.springframework.boot.autoconfigure.jdbc.DataSourceProperties] is not eligible for getting processed by all BeanPostProcessors (for example: not eligible for auto-proxying)
2019-05-23 12:13:29.605  INFO 13260 --- [restartedMain] trationDelegate$BeanPostProcessorChecker : Bean 'org.springframework.boot.autoconfigure.jdbc.DataSourceInitializerInvoker' of type [org.springframework.boot.autoconfigure.jdbc.DataSourceInitializerInvoker] is not eligible for getting processed by all BeanPostProcessors (for example: not eligible for auto-proxying)
2019-05-23 12:13:29.611  INFO 13260 --- [restartedMain] trationDelegate$BeanPostProcessorChecker : Bean 'annotationDrivenTransactionManager' of type [org.springframework.jdbc.datasource.DataSourceTransactionManager] is not eligible for getting processed by all BeanPostProcessors (for example: not eligible for auto-proxying)
2019-05-23 12:13:29.611  INFO 13260 --- [restartedMain] trationDelegate$BeanPostProcessorChecker : Bean 'org.springframework.transaction.annotation.ProxyTransactionManagementConfiguration' of type [org.springframework.transaction.annotation.ProxyTransactionManagementConfiguration$$EnhancerBySpringCGLIB$$b9be42d] is not eligible for getting processed by all BeanPostProcessors (for example: not eligible for auto-proxying)
2019-05-23 12:13:29.695  INFO 13260 --- [restartedMain] o.s.b.w.embedded.tomcat.TomcatWebServer  : Tomcat initialized with port(s): 8000 (http)
2019-05-23 12:13:29.703  INFO 13260 --- [restartedMain] o.apache.catalina.core.StandardService   : Starting service [Tomcat]
2019-05-23 12:13:29.704  INFO 13260 --- [restartedMain] org.apache.catalina.core.StandardEngine  : Starting Servlet Engine: Apache Tomcat/9.0.12
2019-05-23 12:13:29.722  INFO 13260 --- [restartedMain] o.a.c.c.C.[Tomcat].[localhost].[/]       : Initializing Spring embedded WebApplicationContext
2019-05-23 12:13:29.722  INFO 13260 --- [restartedMain] o.s.web.context.ContextLoader            : Root WebApplicationContext: initialization completed in 1069 ms
2019-05-23 12:13:29.896  INFO 13260 --- [restartedMain] o.s.b.w.servlet.FilterRegistrationBean   : Mapping filter: 'characterEncodingFilter' to: [/*]
2019-05-23 12:13:29.896  INFO 13260 --- [restartedMain] o.s.b.w.servlet.FilterRegistrationBean   : Mapping filter: 'webMvcMetricsFilter' to: [/*]
2019-05-23 12:13:29.896  INFO 13260 --- [restartedMain] o.s.b.w.servlet.FilterRegistrationBean   : Mapping filter: 'hiddenHttpMethodFilter' to: [/*]
2019-05-23 12:13:29.896  INFO 13260 --- [restartedMain] o.s.b.w.servlet.FilterRegistrationBean   : Mapping filter: 'formContentFilter' to: [/*]
2019-05-23 12:13:29.900  INFO 13260 --- [restartedMain] o.s.b.w.servlet.FilterRegistrationBean   : Mapping filter: 'requestContextFilter' to: [/*]
2019-05-23 12:13:29.900  INFO 13260 --- [restartedMain] .s.DelegatingFilterProxyRegistrationBean : Mapping filter: 'springSecurityFilterChain' to: [/*]
2019-05-23 12:13:29.900  INFO 13260 --- [restartedMain] o.s.b.w.servlet.FilterRegistrationBean   : Mapping filter: 'httpTraceFilter' to: [/*]
2019-05-23 12:13:29.900  INFO 13260 --- [restartedMain] o.s.b.w.servlet.ServletRegistrationBean  : Servlet dispatcherServlet mapped to [/]
2019-05-23 12:13:30.192  INFO 13260 --- [restartedMain] o.s.b.a.e.web.EndpointLinksResolver      : Exposing 2 endpoint(s) beneath base path '/actuator'
2019-05-23 12:13:30.245  INFO 13260 --- [restartedMain] pertySourcedRequestMappingHandlerMapping : Mapped URL path [/v2/api-docs] onto method [public org.springframework.http.ResponseEntity<springfox.documentation.spring.web.json.Json> springfox.documentation.swagger2.web.Swagger2Controller.getDocumentation(java.lang.String,javax.servlet.http.HttpServletRequest)]
2019-05-23 12:13:30.275  INFO 13260 --- [restartedMain] o.s.s.concurrent.ThreadPoolTaskExecutor  : Initializing ExecutorService 'applicationTaskExecutor'
2019-05-23 12:13:30.285  INFO 13260 --- [restartedMain] o.s.b.d.a.OptionalLiveReloadServer       : LiveReload server is running on port 35729
2019-05-23 12:13:30.431  INFO 13260 --- [restartedMain] .s.s.UserDetailsServiceAutoConfiguration : 

Using generated security password: f24bdc36-b466-478d-a9db-7728aa9db819

2019-05-23 12:13:30.451  INFO 13260 --- [restartedMain] o.s.s.web.DefaultSecurityFilterChain     : Creating filter chain: any request, [org.springframework.security.web.context.request.async.WebAsyncManagerIntegrationFilter@310d6ee7, org.springframework.security.web.context.SecurityContextPersistenceFilter@1108bf04, org.springframework.security.web.header.HeaderWriterFilter@692127eb, org.springframework.security.web.csrf.CsrfFilter@440fcf5f, org.springframework.security.web.authentication.logout.LogoutFilter@71892cd1, org.springframework.security.web.authentication.UsernamePasswordAuthenticationFilter@2da74874, org.springframework.security.web.authentication.ui.DefaultLoginPageGeneratingFilter@252d57ef, org.springframework.security.web.authentication.ui.DefaultLogoutPageGeneratingFilter@19ff5bdf, org.springframework.security.web.authentication.www.BasicAuthenticationFilter@3df0bed6, org.springframework.security.web.savedrequest.RequestCacheAwareFilter@51c0e538, org.springframework.security.web.servletapi.SecurityContextHolderAwareRequestFilter@313e9e94, org.springframework.security.web.authentication.AnonymousAuthenticationFilter@e0c447c, org.springframework.security.web.session.SessionManagementFilter@2bc7e814, org.springframework.security.web.access.ExceptionTranslationFilter@11ca384d, org.springframework.security.web.access.intercept.FilterSecurityInterceptor@2711e970]
2019-05-23 12:13:30.514  INFO 13260 --- [restartedMain] d.s.w.p.DocumentationPluginsBootstrapper : Context refreshed
2019-05-23 12:13:30.514  INFO 13260 --- [restartedMain] d.s.w.p.DocumentationPluginsBootstrapper : Found 1 custom documentation plugin(s)
2019-05-23 12:13:30.526  INFO 13260 --- [restartedMain] s.d.s.w.s.ApiListingReferenceScanner     : Scanning for api listing references
2019-05-23 12:13:30.584  INFO 13260 --- [restartedMain] .d.s.w.r.o.CachingOperationNameGenerator : Generating unique operation named: shanchuUsingPOST_1
2019-05-23 12:13:30.586  INFO 13260 --- [restartedMain] .d.s.w.r.o.CachingOperationNameGenerator : Generating unique operation named: upValidUsingPOST_1
2019-05-23 12:13:30.691  INFO 13260 --- [restartedMain] o.s.b.w.embedded.tomcat.TomcatWebServer  : Tomcat started on port(s): 8000 (http) with context path ''
2019-05-23 12:13:30.695  INFO 13260 --- [restartedMain] c.cs.fileManager.FileManagerApplication  : Started FileManagerApplication in 2.081 seconds (JVM running for 107.01)
2019-05-23 12:13:30.712  INFO 13260 --- [restartedMain] .ConditionEvaluationDeltaLoggingListener : Condition evaluation delta:


==========================
CONDITION EVALUATION DELTA
==========================


Positive matches:
-----------------

   WebSecurityEnablerConfiguration matched:
      - found ConfigurableWebEnvironment (OnWebApplicationCondition)
      - @ConditionalOnBean (types: org.springframework.security.config.annotation.web.configuration.WebSecurityConfigurerAdapter; SearchStrategy: all) found bean 'org.springframework.boot.actuate.autoconfigure.security.servlet.ManagementWebSecurityConfigurerAdapter'; @ConditionalOnMissingBean (names: springSecurityFilterChain; SearchStrategy: all) did not find any beans (OnBeanCondition)


Negative matches:
-----------------

    None


Exclusions:
-----------

    None


Unconditional classes:
----------------------

    None



2019-05-23 12:13:33.564  INFO 13260 --- [RMI TCP Connection(11)-127.0.0.1] inMXBeanRegistrar$SpringApplicationAdmin : Application shutdown requested.
2019-05-23 12:13:33.614  INFO 13260 --- [RMI TCP Connection(11)-127.0.0.1] o.s.s.concurrent.ThreadPoolTaskExecutor  : Shutting down ExecutorService 'applicationTaskExecutor'
2019-05-23 12:13:33.624  INFO 13260 --- [RMI TCP Connection(11)-127.0.0.1] com.alibaba.druid.pool.DruidDataSource   : {dataSource-2} closed
2019-05-23 12:13:52.961  INFO 21100 --- [restartedMain] c.cs.fileManager.FileManagerApplication  : Starting FileManagerApplication on DESKTOP-MHKMK4C with PID 21100 (started by al89 in E:\工作\fileManager)
2019-05-23 12:13:52.961 DEBUG 21100 --- [restartedMain] c.cs.fileManager.FileManagerApplication  : Running with Spring Boot v2.1.0.RELEASE, Spring v5.1.2.RELEASE
2019-05-23 12:13:52.971  INFO 21100 --- [restartedMain] c.cs.fileManager.FileManagerApplication  : No active profile set, falling back to default profiles: default
2019-05-23 12:13:53.012  INFO 21100 --- [restartedMain] .e.DevToolsPropertyDefaultsPostProcessor : Devtools property defaults active! Set 'spring.devtools.add-properties' to 'false' to disable
2019-05-23 12:13:53.012  INFO 21100 --- [restartedMain] .e.DevToolsPropertyDefaultsPostProcessor : For additional web related logging consider setting the 'logging.level.web' property to 'DEBUG'
2019-05-23 12:13:54.001  WARN 21100 --- [restartedMain] o.m.s.mapper.ClassPathMapperScanner      : No MyBatis mapper was found in '[cn.cs.fileManager]' package. Please check your configuration.
2019-05-23 12:13:54.261  INFO 21100 --- [restartedMain] o.s.c.a.ConfigurationClassPostProcessor  : Cannot enhance @Configuration bean definition 'myBatisMapperScannerConfig' since its singleton instance has been created too early. The typical cause is a non-static @Bean method with a BeanDefinitionRegistryPostProcessor return type: Consider declaring such methods as 'static'.
2019-05-23 12:13:54.537  INFO 21100 --- [restartedMain] trationDelegate$BeanPostProcessorChecker : Bean 'druidDBConfig' of type [cn.cs.fileManager.common.DruidDBConfig$$EnhancerBySpringCGLIB$$5c3f1705] is not eligible for getting processed by all BeanPostProcessors (for example: not eligible for auto-proxying)
2019-05-23 12:13:54.538  INFO 21100 --- [restartedMain] trationDelegate$BeanPostProcessorChecker : Bean 'myBatisConfig' of type [cn.cs.fileManager.common.MyBatisConfig$$EnhancerBySpringCGLIB$$9d37cd8] is not eligible for getting processed by all BeanPostProcessors (for example: not eligible for auto-proxying)
2019-05-23 12:13:54.801  INFO 21100 --- [restartedMain] com.alibaba.druid.pool.DruidDataSource   : {dataSource-1} inited
2019-05-23 12:13:54.802  INFO 21100 --- [restartedMain] trationDelegate$BeanPostProcessorChecker : Bean 'dataSource' of type [com.alibaba.druid.pool.DruidDataSource] is not eligible for getting processed by all BeanPostProcessors (for example: not eligible for auto-proxying)
2019-05-23 12:13:54.830  INFO 21100 --- [restartedMain] trationDelegate$BeanPostProcessorChecker : Bean 'spring.datasource-org.springframework.boot.autoconfigure.jdbc.DataSourceProperties' of type [org.springframework.boot.autoconfigure.jdbc.DataSourceProperties] is not eligible for getting processed by all BeanPostProcessors (for example: not eligible for auto-proxying)
2019-05-23 12:13:54.837  INFO 21100 --- [restartedMain] trationDelegate$BeanPostProcessorChecker : Bean 'org.springframework.boot.autoconfigure.jdbc.DataSourceInitializerInvoker' of type [org.springframework.boot.autoconfigure.jdbc.DataSourceInitializerInvoker] is not eligible for getting processed by all BeanPostProcessors (for example: not eligible for auto-proxying)
2019-05-23 12:13:54.841  INFO 21100 --- [restartedMain] trationDelegate$BeanPostProcessorChecker : Bean 'annotationDrivenTransactionManager' of type [org.springframework.jdbc.datasource.DataSourceTransactionManager] is not eligible for getting processed by all BeanPostProcessors (for example: not eligible for auto-proxying)
2019-05-23 12:13:54.841  INFO 21100 --- [restartedMain] trationDelegate$BeanPostProcessorChecker : Bean 'org.springframework.transaction.annotation.ProxyTransactionManagementConfiguration' of type [org.springframework.transaction.annotation.ProxyTransactionManagementConfiguration$$EnhancerBySpringCGLIB$$311ef149] is not eligible for getting processed by all BeanPostProcessors (for example: not eligible for auto-proxying)
2019-05-23 12:13:55.196  INFO 21100 --- [restartedMain] o.s.b.w.embedded.tomcat.TomcatWebServer  : Tomcat initialized with port(s): 8000 (http)
2019-05-23 12:13:55.212  INFO 21100 --- [restartedMain] o.apache.catalina.core.StandardService   : Starting service [Tomcat]
2019-05-23 12:13:55.213  INFO 21100 --- [restartedMain] org.apache.catalina.core.StandardEngine  : Starting Servlet Engine: Apache Tomcat/9.0.12
2019-05-23 12:13:55.219  INFO 21100 --- [restartedMain] o.a.catalina.core.AprLifecycleListener   : The APR based Apache Tomcat Native library which allows optimal performance in production environments was not found on the java.library.path: [D:\JAVA\jdk-10.0.1\bin;C:\Windows\Sun\Java\bin;C:\Windows\system32;C:\Windows;D:/JAVA/jdk-10.0.1/bin/server;D:/JAVA/jdk-10.0.1/bin;D:\apache-maven-3.6.0\bin;D:\mysql5.7\mysql-5.7.23-winx64\bin;C:\Windows\system32;C:\Windows;C:\Windows\System32\Wbem;C:\Windows\System32\WindowsPowerShell\v1.0\;C:\Windows\System32\OpenSSH\;D:\JAVA\jdk-10.0.1\bin;D:\JAVA\jdk-10.0.1\jre\bin;C:\Program Files\Git\cmd;D:\nodejs\;D:\python\Scripts\;D:\python\;D:\Ruby25-x64\bin;C:\Users\al89\AppData\Local\Microsoft\WindowsApps;;D:\Docker Toolbox;D:\Microsoft VS Code\bin;C:\Users\al89\AppData\Roaming\npm;D:\texlive2018\2018\bin\win32;D:\sts-4.0.1.RELEASE;;.]
2019-05-23 12:13:55.308  INFO 21100 --- [restartedMain] o.a.c.c.C.[Tomcat].[localhost].[/]       : Initializing Spring embedded WebApplicationContext
2019-05-23 12:13:55.308  INFO 21100 --- [restartedMain] o.s.web.context.ContextLoader            : Root WebApplicationContext: initialization completed in 2296 ms
2019-05-23 12:13:55.644  INFO 21100 --- [restartedMain] o.s.b.w.servlet.FilterRegistrationBean   : Mapping filter: 'characterEncodingFilter' to: [/*]
2019-05-23 12:13:55.644  INFO 21100 --- [restartedMain] o.s.b.w.servlet.FilterRegistrationBean   : Mapping filter: 'webMvcMetricsFilter' to: [/*]
2019-05-23 12:13:55.644  INFO 21100 --- [restartedMain] o.s.b.w.servlet.FilterRegistrationBean   : Mapping filter: 'hiddenHttpMethodFilter' to: [/*]
2019-05-23 12:13:55.644  INFO 21100 --- [restartedMain] o.s.b.w.servlet.FilterRegistrationBean   : Mapping filter: 'formContentFilter' to: [/*]
2019-05-23 12:13:55.644  INFO 21100 --- [restartedMain] o.s.b.w.servlet.FilterRegistrationBean   : Mapping filter: 'requestContextFilter' to: [/*]
2019-05-23 12:13:55.644  INFO 21100 --- [restartedMain] .s.DelegatingFilterProxyRegistrationBean : Mapping filter: 'springSecurityFilterChain' to: [/*]
2019-05-23 12:13:55.644  INFO 21100 --- [restartedMain] o.s.b.w.servlet.FilterRegistrationBean   : Mapping filter: 'httpTraceFilter' to: [/*]
2019-05-23 12:13:55.651  INFO 21100 --- [restartedMain] o.s.b.w.servlet.ServletRegistrationBean  : Servlet dispatcherServlet mapped to [/]
2019-05-23 12:13:55.695 DEBUG 21100 --- [restartedMain] org.apache.ibatis.logging.LogFactory     : Logging initialized using 'class org.apache.ibatis.logging.slf4j.Slf4jImpl' adapter.
2019-05-23 12:13:56.275  INFO 21100 --- [restartedMain] o.s.b.a.e.web.EndpointLinksResolver      : Exposing 2 endpoint(s) beneath base path '/actuator'
2019-05-23 12:13:56.342  INFO 21100 --- [restartedMain] pertySourcedRequestMappingHandlerMapping : Mapped URL path [/v2/api-docs] onto method [public org.springframework.http.ResponseEntity<springfox.documentation.spring.web.json.Json> springfox.documentation.swagger2.web.Swagger2Controller.getDocumentation(java.lang.String,javax.servlet.http.HttpServletRequest)]
2019-05-23 12:13:56.455  INFO 21100 --- [restartedMain] o.s.s.concurrent.ThreadPoolTaskExecutor  : Initializing ExecutorService 'applicationTaskExecutor'
2019-05-23 12:13:56.495  INFO 21100 --- [restartedMain] o.s.b.d.a.OptionalLiveReloadServer       : LiveReload server is running on port 35729
2019-05-23 12:13:56.760  INFO 21100 --- [restartedMain] .s.s.UserDetailsServiceAutoConfiguration : 

Using generated security password: 6fb06c17-917b-4908-baf5-05e01ffdaafb

2019-05-23 12:13:56.831  INFO 21100 --- [restartedMain] o.s.s.web.DefaultSecurityFilterChain     : Creating filter chain: any request, [org.springframework.security.web.context.request.async.WebAsyncManagerIntegrationFilter@14a4981d, org.springframework.security.web.context.SecurityContextPersistenceFilter@5ab25fb5, org.springframework.security.web.header.HeaderWriterFilter@3426c1f0, org.springframework.security.web.csrf.CsrfFilter@696d6fdc, org.springframework.security.web.authentication.logout.LogoutFilter@6d831fa3, org.springframework.security.web.authentication.UsernamePasswordAuthenticationFilter@3b4ff3c4, org.springframework.security.web.authentication.ui.DefaultLoginPageGeneratingFilter@5ab91382, org.springframework.security.web.authentication.ui.DefaultLogoutPageGeneratingFilter@3190e5b, org.springframework.security.web.authentication.www.BasicAuthenticationFilter@47dd4c73, org.springframework.security.web.savedrequest.RequestCacheAwareFilter@4273a219, org.springframework.security.web.servletapi.SecurityContextHolderAwareRequestFilter@508bc84c, org.springframework.security.web.authentication.AnonymousAuthenticationFilter@4320b3, org.springframework.security.web.session.SessionManagementFilter@2a6c645a, org.springframework.security.web.access.ExceptionTranslationFilter@f2e0fb5, org.springframework.security.web.access.intercept.FilterSecurityInterceptor@4706473]
2019-05-23 12:13:56.957  INFO 21100 --- [restartedMain] d.s.w.p.DocumentationPluginsBootstrapper : Context refreshed
2019-05-23 12:13:56.971  INFO 21100 --- [restartedMain] d.s.w.p.DocumentationPluginsBootstrapper : Found 1 custom documentation plugin(s)
2019-05-23 12:13:56.997  INFO 21100 --- [restartedMain] s.d.s.w.s.ApiListingReferenceScanner     : Scanning for api listing references
2019-05-23 12:13:57.139  INFO 21100 --- [restartedMain] .d.s.w.r.o.CachingOperationNameGenerator : Generating unique operation named: shanchuUsingPOST_1
2019-05-23 12:13:57.141  INFO 21100 --- [restartedMain] .d.s.w.r.o.CachingOperationNameGenerator : Generating unique operation named: upValidUsingPOST_1
2019-05-23 12:13:57.251  INFO 21100 --- [restartedMain] o.s.b.w.embedded.tomcat.TomcatWebServer  : Tomcat started on port(s): 8000 (http) with context path ''
2019-05-23 12:13:57.258  INFO 21100 --- [restartedMain] c.cs.fileManager.FileManagerApplication  : Started FileManagerApplication in 4.635 seconds (JVM running for 6.163)
2019-05-23 12:14:04.978  INFO 21100 --- [http-nio-8000-exec-1] o.a.c.c.C.[Tomcat].[localhost].[/]       : Initializing Spring DispatcherServlet 'dispatcherServlet'
2019-05-23 12:14:04.978  INFO 21100 --- [http-nio-8000-exec-1] o.s.web.servlet.DispatcherServlet        : Initializing Servlet 'dispatcherServlet'
2019-05-23 12:14:04.989  INFO 21100 --- [http-nio-8000-exec-1] o.s.web.servlet.DispatcherServlet        : Completed initialization in 11 ms
2019-05-23 12:15:08.892  INFO 21100 --- [RMI TCP Connection(10)-127.0.0.1] inMXBeanRegistrar$SpringApplicationAdmin : Application shutdown requested.
2019-05-23 12:15:08.910  INFO 21100 --- [RMI TCP Connection(10)-127.0.0.1] o.s.s.concurrent.ThreadPoolTaskExecutor  : Shutting down ExecutorService 'applicationTaskExecutor'
2019-05-23 12:15:08.926  INFO 21100 --- [RMI TCP Connection(10)-127.0.0.1] com.alibaba.druid.pool.DruidDataSource   : {dataSource-1} closed
2019-05-23 12:16:01.354  INFO 19452 --- [restartedMain] c.cs.fileManager.FileManagerApplication  : Starting FileManagerApplication on DESKTOP-MHKMK4C with PID 19452 (started by al89 in E:\工作\fileManager)
2019-05-23 12:16:01.354 DEBUG 19452 --- [restartedMain] c.cs.fileManager.FileManagerApplication  : Running with Spring Boot v2.1.0.RELEASE, Spring v5.1.2.RELEASE
2019-05-23 12:16:01.354  INFO 19452 --- [restartedMain] c.cs.fileManager.FileManagerApplication  : No active profile set, falling back to default profiles: default
2019-05-23 12:16:01.411  INFO 19452 --- [restartedMain] .e.DevToolsPropertyDefaultsPostProcessor : Devtools property defaults active! Set 'spring.devtools.add-properties' to 'false' to disable
2019-05-23 12:16:01.411  INFO 19452 --- [restartedMain] .e.DevToolsPropertyDefaultsPostProcessor : For additional web related logging consider setting the 'logging.level.web' property to 'DEBUG'
2019-05-23 12:16:02.411  WARN 19452 --- [restartedMain] o.m.s.mapper.ClassPathMapperScanner      : No MyBatis mapper was found in '[cn.cs.fileManager]' package. Please check your configuration.
2019-05-23 12:16:02.821  INFO 19452 --- [restartedMain] o.s.c.a.ConfigurationClassPostProcessor  : Cannot enhance @Configuration bean definition 'myBatisMapperScannerConfig' since its singleton instance has been created too early. The typical cause is a non-static @Bean method with a BeanDefinitionRegistryPostProcessor return type: Consider declaring such methods as 'static'.
2019-05-23 12:16:03.061  INFO 19452 --- [restartedMain] trationDelegate$BeanPostProcessorChecker : Bean 'druidDBConfig' of type [cn.cs.fileManager.common.DruidDBConfig$$EnhancerBySpringCGLIB$$b387cc0c] is not eligible for getting processed by all BeanPostProcessors (for example: not eligible for auto-proxying)
2019-05-23 12:16:03.061  INFO 19452 --- [restartedMain] trationDelegate$BeanPostProcessorChecker : Bean 'myBatisConfig' of type [cn.cs.fileManager.common.MyBatisConfig$$EnhancerBySpringCGLIB$$611c31df] is not eligible for getting processed by all BeanPostProcessors (for example: not eligible for auto-proxying)
2019-05-23 12:16:03.291  INFO 19452 --- [restartedMain] com.alibaba.druid.pool.DruidDataSource   : {dataSource-1} inited
2019-05-23 12:16:03.291  INFO 19452 --- [restartedMain] trationDelegate$BeanPostProcessorChecker : Bean 'dataSource' of type [com.alibaba.druid.pool.DruidDataSource] is not eligible for getting processed by all BeanPostProcessors (for example: not eligible for auto-proxying)
2019-05-23 12:16:03.314  INFO 19452 --- [restartedMain] trationDelegate$BeanPostProcessorChecker : Bean 'spring.datasource-org.springframework.boot.autoconfigure.jdbc.DataSourceProperties' of type [org.springframework.boot.autoconfigure.jdbc.DataSourceProperties] is not eligible for getting processed by all BeanPostProcessors (for example: not eligible for auto-proxying)
2019-05-23 12:16:03.321  INFO 19452 --- [restartedMain] trationDelegate$BeanPostProcessorChecker : Bean 'org.springframework.boot.autoconfigure.jdbc.DataSourceInitializerInvoker' of type [org.springframework.boot.autoconfigure.jdbc.DataSourceInitializerInvoker] is not eligible for getting processed by all BeanPostProcessors (for example: not eligible for auto-proxying)
2019-05-23 12:16:03.321  INFO 19452 --- [restartedMain] trationDelegate$BeanPostProcessorChecker : Bean 'annotationDrivenTransactionManager' of type [org.springframework.jdbc.datasource.DataSourceTransactionManager] is not eligible for getting processed by all BeanPostProcessors (for example: not eligible for auto-proxying)
2019-05-23 12:16:03.321  INFO 19452 --- [restartedMain] trationDelegate$BeanPostProcessorChecker : Bean 'org.springframework.transaction.annotation.ProxyTransactionManagementConfiguration' of type [org.springframework.transaction.annotation.ProxyTransactionManagementConfiguration$$EnhancerBySpringCGLIB$$8867a650] is not eligible for getting processed by all BeanPostProcessors (for example: not eligible for auto-proxying)
2019-05-23 12:16:03.626  INFO 19452 --- [restartedMain] o.s.b.w.embedded.tomcat.TomcatWebServer  : Tomcat initialized with port(s): 8000 (http)
2019-05-23 12:16:03.644  INFO 19452 --- [restartedMain] o.apache.catalina.core.StandardService   : Starting service [Tomcat]
2019-05-23 12:16:03.644  INFO 19452 --- [restartedMain] org.apache.catalina.core.StandardEngine  : Starting Servlet Engine: Apache Tomcat/9.0.12
2019-05-23 12:16:03.652  INFO 19452 --- [restartedMain] o.a.catalina.core.AprLifecycleListener   : The APR based Apache Tomcat Native library which allows optimal performance in production environments was not found on the java.library.path: [D:\JAVA\jdk-10.0.1\bin;C:\Windows\Sun\Java\bin;C:\Windows\system32;C:\Windows;D:/JAVA/jdk-10.0.1/bin/server;D:/JAVA/jdk-10.0.1/bin;D:\apache-maven-3.6.0\bin;D:\mysql5.7\mysql-5.7.23-winx64\bin;C:\Windows\system32;C:\Windows;C:\Windows\System32\Wbem;C:\Windows\System32\WindowsPowerShell\v1.0\;C:\Windows\System32\OpenSSH\;D:\JAVA\jdk-10.0.1\bin;D:\JAVA\jdk-10.0.1\jre\bin;C:\Program Files\Git\cmd;D:\nodejs\;D:\python\Scripts\;D:\python\;D:\Ruby25-x64\bin;C:\Users\al89\AppData\Local\Microsoft\WindowsApps;;D:\Docker Toolbox;D:\Microsoft VS Code\bin;C:\Users\al89\AppData\Roaming\npm;D:\texlive2018\2018\bin\win32;D:\sts-4.0.1.RELEASE;;.]
2019-05-23 12:16:03.741  INFO 19452 --- [restartedMain] o.a.c.c.C.[Tomcat].[localhost].[/]       : Initializing Spring embedded WebApplicationContext
2019-05-23 12:16:03.741  INFO 19452 --- [restartedMain] o.s.web.context.ContextLoader            : Root WebApplicationContext: initialization completed in 2330 ms
2019-05-23 12:16:04.084  INFO 19452 --- [restartedMain] o.s.b.w.servlet.FilterRegistrationBean   : Mapping filter: 'characterEncodingFilter' to: [/*]
2019-05-23 12:16:04.084  INFO 19452 --- [restartedMain] o.s.b.w.servlet.FilterRegistrationBean   : Mapping filter: 'webMvcMetricsFilter' to: [/*]
2019-05-23 12:16:04.084  INFO 19452 --- [restartedMain] o.s.b.w.servlet.FilterRegistrationBean   : Mapping filter: 'hiddenHttpMethodFilter' to: [/*]
2019-05-23 12:16:04.085  INFO 19452 --- [restartedMain] o.s.b.w.servlet.FilterRegistrationBean   : Mapping filter: 'formContentFilter' to: [/*]
2019-05-23 12:16:04.085  INFO 19452 --- [restartedMain] o.s.b.w.servlet.FilterRegistrationBean   : Mapping filter: 'requestContextFilter' to: [/*]
2019-05-23 12:16:04.085  INFO 19452 --- [restartedMain] o.s.b.w.servlet.FilterRegistrationBean   : Mapping filter: 'httpTraceFilter' to: [/*]
2019-05-23 12:16:04.085  INFO 19452 --- [restartedMain] o.s.b.w.servlet.ServletRegistrationBean  : Servlet dispatcherServlet mapped to [/]
2019-05-23 12:16:04.119 DEBUG 19452 --- [restartedMain] org.apache.ibatis.logging.LogFactory     : Logging initialized using 'class org.apache.ibatis.logging.slf4j.Slf4jImpl' adapter.
2019-05-23 12:16:04.684  INFO 19452 --- [restartedMain] o.s.b.a.e.web.EndpointLinksResolver      : Exposing 2 endpoint(s) beneath base path '/actuator'
2019-05-23 12:16:04.759  INFO 19452 --- [restartedMain] pertySourcedRequestMappingHandlerMapping : Mapped URL path [/v2/api-docs] onto method [public org.springframework.http.ResponseEntity<springfox.documentation.spring.web.json.Json> springfox.documentation.swagger2.web.Swagger2Controller.getDocumentation(java.lang.String,javax.servlet.http.HttpServletRequest)]
2019-05-23 12:16:04.861  INFO 19452 --- [restartedMain] o.s.s.concurrent.ThreadPoolTaskExecutor  : Initializing ExecutorService 'applicationTaskExecutor'
2019-05-23 12:16:04.901  INFO 19452 --- [restartedMain] o.s.b.d.a.OptionalLiveReloadServer       : LiveReload server is running on port 35729
2019-05-23 12:16:05.194  INFO 19452 --- [restartedMain] d.s.w.p.DocumentationPluginsBootstrapper : Context refreshed
2019-05-23 12:16:05.211  INFO 19452 --- [restartedMain] d.s.w.p.DocumentationPluginsBootstrapper : Found 1 custom documentation plugin(s)
2019-05-23 12:16:05.235  INFO 19452 --- [restartedMain] s.d.s.w.s.ApiListingReferenceScanner     : Scanning for api listing references
2019-05-23 12:16:05.371  INFO 19452 --- [restartedMain] .d.s.w.r.o.CachingOperationNameGenerator : Generating unique operation named: shanchuUsingPOST_1
2019-05-23 12:16:05.371  INFO 19452 --- [restartedMain] .d.s.w.r.o.CachingOperationNameGenerator : Generating unique operation named: upValidUsingPOST_1
2019-05-23 12:16:05.462  INFO 19452 --- [restartedMain] o.s.b.w.embedded.tomcat.TomcatWebServer  : Tomcat started on port(s): 8000 (http) with context path ''
2019-05-23 12:16:05.471  INFO 19452 --- [restartedMain] c.cs.fileManager.FileManagerApplication  : Started FileManagerApplication in 4.617 seconds (JVM running for 6.491)
2019-05-23 12:16:16.972  INFO 19452 --- [http-nio-8000-exec-1] o.a.c.c.C.[Tomcat].[localhost].[/]       : Initializing Spring DispatcherServlet 'dispatcherServlet'
2019-05-23 12:16:16.974  INFO 19452 --- [http-nio-8000-exec-1] o.s.web.servlet.DispatcherServlet        : Initializing Servlet 'dispatcherServlet'
2019-05-23 12:16:16.987  INFO 19452 --- [http-nio-8000-exec-1] o.s.web.servlet.DispatcherServlet        : Completed initialization in 13 ms
2019-05-23 12:16:26.924  INFO 19452 --- [RMI TCP Connection(9)-127.0.0.1] inMXBeanRegistrar$SpringApplicationAdmin : Application shutdown requested.
2019-05-23 12:16:26.961  INFO 19452 --- [RMI TCP Connection(9)-127.0.0.1] o.s.s.concurrent.ThreadPoolTaskExecutor  : Shutting down ExecutorService 'applicationTaskExecutor'
2019-05-23 12:16:26.994  INFO 19452 --- [RMI TCP Connection(9)-127.0.0.1] com.alibaba.druid.pool.DruidDataSource   : {dataSource-1} closed
